[INFO] Scanning for projects...
[INFO] 
[INFO] -------------------------< com.restaurant:tec >-------------------------
[INFO] Building Restaurantec 0.0.1-SNAPSHOT
[INFO]   from pom.xml
[INFO] --------------------------------[ jar ]---------------------------------
[INFO] 
[INFO] >>> spring-boot:3.5.9:run (default-cli) > test-compile @ tec >>>
[INFO] 
[INFO] --- resources:3.3.1:resources (default-resources) @ tec ---
[INFO] Copying 1 resource from src/main/resources to target/classes
[INFO] Copying 0 resource from src/main/resources to target/classes
[INFO] 
[INFO] --- compiler:3.14.1:compile (default-compile) @ tec ---
[INFO] Nothing to compile - all classes are up to date.
[INFO] 
[INFO] --- resources:3.3.1:testResources (default-testResources) @ tec ---
[INFO] skip non existing resourceDirectory /home/proyectoacd/ProyectoACD/tec/src/test/resources
[INFO] 
[INFO] --- compiler:3.14.1:testCompile (default-testCompile) @ tec ---
[INFO] Nothing to compile - all classes are up to date.
[INFO] 
[INFO] <<< spring-boot:3.5.9:run (default-cli) < test-compile @ tec <<<
[INFO] 
[INFO] 
[INFO] --- spring-boot:3.5.9:run (default-cli) @ tec ---
[INFO] Attaching agents: []

  .   ____          _            __ _ _
 /\\ / ___'_ __ _ _(_)_ __  __ _ \ \ \ \
( ( )\___ | '_ | '_| | '_ \/ _` | \ \ \ \
 \\/  ___)| |_)| | | | | || (_| |  ) ) ) )
  '  |____| .__|_| |_|_| |_\__, | / / / /
 =========|_|==============|___/=/_/_/_/

 :: Spring Boot ::                (v3.5.9)

2026-01-27T19:31:09.434+01:00  INFO 69612 --- [tec] [           main] c.r.tec.RestaurantecApplication          : Starting RestaurantecApplication using Java 21.0.9 with PID 69612 (/home/proyectoacd/ProyectoACD/tec/target/classes started by proyectoacd in /home/proyectoacd/ProyectoACD/tec)
2026-01-27T19:31:09.439+01:00  INFO 69612 --- [tec] [           main] c.r.tec.RestaurantecApplication          : No active profile set, falling back to 1 default profile: "default"
2026-01-27T19:31:10.411+01:00  INFO 69612 --- [tec] [           main] .s.d.r.c.RepositoryConfigurationDelegate : Bootstrapping Spring Data JPA repositories in DEFAULT mode.
2026-01-27T19:31:10.499+01:00  INFO 69612 --- [tec] [           main] .s.d.r.c.RepositoryConfigurationDelegate : Finished Spring Data repository scanning in 76 ms. Found 6 JPA repository interfaces.
2026-01-27T19:31:11.167+01:00  INFO 69612 --- [tec] [           main] o.s.b.w.embedded.tomcat.TomcatWebServer  : Tomcat initialized with port 8080 (http)
2026-01-27T19:31:11.186+01:00  INFO 69612 --- [tec] [           main] o.apache.catalina.core.StandardService   : Starting service [Tomcat]
2026-01-27T19:31:11.186+01:00  INFO 69612 --- [tec] [           main] o.apache.catalina.core.StandardEngine    : Starting Servlet engine: [Apache Tomcat/10.1.50]
2026-01-27T19:31:11.255+01:00  INFO 69612 --- [tec] [           main] o.a.c.c.C.[Tomcat].[localhost].[/]       : Initializing Spring embedded WebApplicationContext
2026-01-27T19:31:11.256+01:00  INFO 69612 --- [tec] [           main] w.s.c.ServletWebServerApplicationContext : Root WebApplicationContext: initialization completed in 1761 ms
2026-01-27T19:31:11.421+01:00  INFO 69612 --- [tec] [           main] o.hibernate.jpa.internal.util.LogHelper  : HHH000204: Processing PersistenceUnitInfo [name: default]
2026-01-27T19:31:11.483+01:00  INFO 69612 --- [tec] [           main] org.hibernate.Version                    : HHH000412: Hibernate ORM core version 6.6.39.Final
2026-01-27T19:31:11.523+01:00  INFO 69612 --- [tec] [           main] o.h.c.internal.RegionFactoryInitiator    : HHH000026: Second-level cache disabled
2026-01-27T19:31:11.904+01:00  INFO 69612 --- [tec] [           main] o.s.o.j.p.SpringPersistenceUnitInfo      : No LoadTimeWeaver setup: ignoring JPA class transformer
2026-01-27T19:31:11.943+01:00  INFO 69612 --- [tec] [           main] com.zaxxer.hikari.HikariDataSource       : HikariPool-1 - Starting...
2026-01-27T19:31:12.152+01:00  INFO 69612 --- [tec] [           main] com.zaxxer.hikari.pool.HikariPool        : HikariPool-1 - Added connection org.postgresql.jdbc.PgConnection@70d5d96b
2026-01-27T19:31:12.154+01:00  INFO 69612 --- [tec] [           main] com.zaxxer.hikari.HikariDataSource       : HikariPool-1 - Start completed.
2026-01-27T19:31:12.192+01:00  WARN 69612 --- [tec] [           main] org.hibernate.orm.deprecation            : HHH90000025: PostgreSQLDialect does not need to be specified explicitly using 'hibernate.dialect' (remove the property setting and it will be selected by default)
2026-01-27T19:31:12.215+01:00  INFO 69612 --- [tec] [           main] org.hibernate.orm.connections.pooling    : HHH10001005: Database info:
	Database JDBC URL [Connecting through datasource 'HikariDataSource (HikariPool-1)']
	Database driver: undefined/unknown
	Database version: 16.11
	Autocommit mode: undefined/unknown
	Isolation level: undefined/unknown
	Minimum pool size: undefined/unknown
	Maximum pool size: undefined/unknown
2026-01-27T19:31:13.428+01:00  INFO 69612 --- [tec] [           main] o.h.e.t.j.p.i.JtaPlatformInitiator       : HHH000489: No JTA platform available (set 'hibernate.transaction.jta.platform' to enable JTA platform integration)
2026-01-27T19:31:13.599+01:00  INFO 69612 --- [tec] [           main] j.LocalContainerEntityManagerFactoryBean : Initialized JPA EntityManagerFactory for persistence unit 'default'
2026-01-27T19:31:14.057+01:00  INFO 69612 --- [tec] [           main] r$InitializeUserDetailsManagerConfigurer : Global AuthenticationManager configured with UserDetailsService bean with name customUserDetailsService
2026-01-27T19:31:14.268+01:00  WARN 69612 --- [tec] [           main] JpaBaseConfiguration$JpaWebConfiguration : spring.jpa.open-in-view is enabled by default. Therefore, database queries may be performed during view rendering. Explicitly configure spring.jpa.open-in-view to disable this warning
2026-01-27T19:31:14.915+01:00  INFO 69612 --- [tec] [           main] o.s.d.j.r.query.QueryEnhancerFactory     : Hibernate is in classpath; If applicable, HQL parser will be used.
2026-01-27T19:31:15.683+01:00  INFO 69612 --- [tec] [           main] o.s.b.w.embedded.tomcat.TomcatWebServer  : Tomcat started on port 8080 (http) with context path '/'
2026-01-27T19:31:15.696+01:00  INFO 69612 --- [tec] [           main] c.r.tec.RestaurantecApplication          : Started RestaurantecApplication in 6.79 seconds (process running for 7.2)
2026-01-27T19:31:30.699+01:00  INFO 69612 --- [tec] [nio-8080-exec-1] o.a.c.c.C.[Tomcat].[localhost].[/]       : Initializing Spring DispatcherServlet 'dispatcherServlet'
2026-01-27T19:31:30.700+01:00  INFO 69612 --- [tec] [nio-8080-exec-1] o.s.web.servlet.DispatcherServlet        : Initializing Servlet 'dispatcherServlet'
2026-01-27T19:31:30.701+01:00  INFO 69612 --- [tec] [nio-8080-exec-1] o.s.web.servlet.DispatcherServlet        : Completed initialization in 1 ms
Hibernate: select le1_0.id,le1_0.capacidad,le1_0.direccion,le1_0.horario,le1_0.latitud,le1_0.longitud,le1_0.nombre from locales le1_0
2026-01-27T19:31:48.954+01:00  INFO 69612 --- [tec] [nio-8080-exec-1] o.springdoc.api.AbstractOpenApiResource  : Init duration for springdoc-openapi is: 309 ms
Hibernate: select ue1_0.id,ue1_0.alergenos,ue1_0.email,ue1_0.fecha_creacion,ue1_0.nombre,ue1_0.password,ue1_0.rol,ue1_0.telefono,ue1_0.ultimo_acceso from usuarios ue1_0 where ue1_0.email=?
Hibernate: insert into usuarios (alergenos,email,fecha_creacion,nombre,password,rol,telefono,ultimo_acceso) values (?,?,?,?,?,?,?,?)
Hibernate: select ue1_0.id,ue1_0.alergenos,ue1_0.email,ue1_0.fecha_creacion,ue1_0.nombre,ue1_0.password,ue1_0.rol,ue1_0.telefono,ue1_0.ultimo_acceso from usuarios ue1_0 where ue1_0.email=?
Hibernate: select ue1_0.id,ue1_0.alergenos,ue1_0.email,ue1_0.fecha_creacion,ue1_0.nombre,ue1_0.password,ue1_0.rol,ue1_0.telefono,ue1_0.ultimo_acceso from usuarios ue1_0 where ue1_0.email=?
Hibernate: select ue1_0.id,ue1_0.alergenos,ue1_0.email,ue1_0.fecha_creacion,ue1_0.nombre,ue1_0.password,ue1_0.rol,ue1_0.telefono,ue1_0.ultimo_acceso from usuarios ue1_0 where ue1_0.email=?
Hibernate: select ue1_0.id,ue1_0.alergenos,ue1_0.email,ue1_0.fecha_creacion,ue1_0.nombre,ue1_0.password,ue1_0.rol,ue1_0.telefono,ue1_0.ultimo_acceso from usuarios ue1_0 where ue1_0.email=?
Hibernate: select le1_0.id,le1_0.capacidad,le1_0.direccion,le1_0.horario,le1_0.latitud,le1_0.longitud,le1_0.nombre from locales le1_0
Hibernate: select ue1_0.id,ue1_0.alergenos,ue1_0.email,ue1_0.fecha_creacion,ue1_0.nombre,ue1_0.password,ue1_0.rol,ue1_0.telefono,ue1_0.ultimo_acceso from usuarios ue1_0 where ue1_0.email=?
Hibernate: insert into locales (capacidad,direccion,horario,latitud,longitud,nombre) values (?,?,?,?,?,?)
